Initial State
7313511551
3724855867
2374331571
4438213437
6511566287
6727245532
3736868662
2348138263
2417483121
8812617112

After turn 0
8424622662
4835966978
3485442682
5549324548
7622677398
7838356643
4847979773
3459249374
3528594232
9923728223

After turn 1
9535733773
5946*77*89
4596553793
665*435659
87337884*9
8949467754
5958*8*884
456*35*485
46396*5343
**34839334

After turn 2
*646844884
6*5708809*
56*76648*4
776054676*
984489950*
9*5*578865
6*69090995
5670460596
574*706454
004594*445

After turn 3
0757955995
70681991*0
6708775905
8871657870
*9559**610
*060689976
707*1*1**6
67815716*7
6850817565
1156*50556

After turn 4
1868*66**6
81792**201
7819886*16
9982768981
0*66*00721
017179**87
8180202007
7892682708
7961928676
2267061667

After turn 5
2979077007
928*300312
892*997027
**93879*92
1077011832
12828*0098
9291313118
89*3793819
8*72*39787
3378172778

After turn 6
3*8*188118
*390411423
9*30**8138
00*498*0*3
2188122943
23939011*9
*3*2424229
9*048*492*
908304*898
4489283889

After turn 7
4090299229
04*1522534
*041009249
1105*90104
3299233*54
34*4*1220*
040353533*
*015905*30
*1941509*9
559*39499*

After turn 8
51*13**33*
1502633645
015211*35*
22160*1215
43**344065
4505023310
1514646440
0126*16041
02*5261*0*
66*04*5**0

After turn 9
6202400440
2613744756
1263220460
3327102326
5400455176
5616134421
2625757551
1237027152
1306372010
7701506001

After turn 10
7313511551
3724855867
2374331571
4438213437
6511566287
6727245532
3736868662
2348138263
2417483121
8812617112

After turn 11
8424622662
4835966978
3485442682
5549324548
7622677398
7838356643
4847979773
3459249374
3528594232
9923728223

After turn 12
9535733773
5946*77*89
4596553793
665*435659
87337884*9
8949467754
5958*8*884
456*35*485
46396*5343
**34839334

After turn 13
*646844884
6*5708809*
56*76648*4
776054676*
984489950*
9*5*578865
6*69090995
5670460596
574*706454
004594*445

After turn 14
0757955995
70681991*0
6708775905
8871657870
*9559**610
*060689976
707*1*1**6
67815716*7
6850817565
1156*50556

After turn 15
1868*66**6
81792**201
7819886*16
9982768981
0*66*00721
017179**87
8180202007
7892682708
7961928676
2267061667

After turn 16
2979077007
928*300312
892*997027
**93879*92
1077011832
12828*0098
9291313118
89*3793819
8*72*39787
3378172778

After turn 17
3*8*188118
*390411423
9*30**8138
00*498*0*3
2188122943
23939011*9
*3*2424229
9*048*492*
908304*898
4489283889

After turn 18
4090299229
04*1522534
*041009249
1105*90104
3299233*54
34*4*1220*
040353533*
*015905*30
*1941509*9
559*39499*

After turn 19
51*13**33*
1502633645
015211*35*
22160*1215
43**344065
4505023310
1514646440
0126*16041
02*5261*0*
66*04*5**0

After turn 20
6202400440
2613744756
1263220460
3327102326
5400455176
5616134421
2625757551
1237027152
1306372010
7701506001

After turn 21
7313511551
3724855867
2374331571
4438213437
6511566287
6727245532
3736868662
2348138263
2417483121
8812617112

After turn 22
8424622662
4835966978
3485442682
5549324548
7622677398
7838356643
4847979773
3459249374
3528594232
9923728223

After turn 23
9535733773
5946*77*89
4596553793
665*435659
87337884*9
8949467754
5958*8*884
456*35*485
46396*5343
**34839334

After turn 24
*646844884
6*5708809*
56*76648*4
776054676*
984489950*
9*5*578865
6*69090995
5670460596
574*706454
004594*445

After turn 25
0757955995
70681991*0
6708775905
8871657870
*9559**610
*060689976
707*1*1**6
67815716*7
6850817565
1156*50556

After turn 26
1868*66**6
81792**201
7819886*16
9982768981
0*66*00721
017179**87
8180202007
7892682708
7961928676
2267061667

After turn 27
2979077007
928*300312
892*997027
**93879*92
1077011832
12828*0098
9291313118
89*3793819
8*72*39787
3378172778

After turn 28
3*8*188118
*390411423
9*30**8138
00*498*0*3
2188122943
23939011*9
*3*2424229
9*048*492*
908304*898
4489283889

After turn 29
4090299229
04*1522534
*041009249
1105*90104
3299233*54
34*4*1220*
040353533*
*015905*30
*1941509*9
559*39499*

After turn 30
51*13**33*
1502633645
015211*35*
22160*1215
43**344065
4505023310
1514646440
0126*16041
02*5261*0*
66*04*5**0

After turn 31
6202400440
2613744756
1263220460
3327102326
5400455176
5616134421
2625757551
1237027152
1306372010
7701506001

After turn 32
7313511551
3724855867
2374331571
4438213437
6511566287
6727245532
3736868662
2348138263
2417483121
8812617112

After turn 33
8424622662
4835966978
3485442682
5549324548
7622677398
7838356643
4847979773
3459249374
3528594232
9923728223

After turn 34
9535733773
5946*77*89
4596553793
665*435659
87337884*9
8949467754
5958*8*884
456*35*485
46396*5343
**34839334

After turn 35
*646844884
6*5708809*
56*76648*4
776054676*
984489950*
9*5*578865
6*69090995
5670460596
574*706454
004594*445

After turn 36
0757955995
70681991*0
6708775905
8871657870
*9559**610
*060689976
707*1*1**6
67815716*7
6850817565
1156*50556

After turn 37
1868*66**6
81792**201
7819886*16
9982768981
0*66*00721
017179**87
8180202007
7892682708
7961928676
2267061667

After turn 38
2979077007
928*300312
892*997027
**93879*92
1077011832
12828*0098
9291313118
89*3793819
8*72*39787
3378172778

After turn 39
3*8*188118
*390411423
9*30**8138
00*498*0*3
2188122943
23939011*9
*3*2424229
9*048*492*
908304*898
4489283889

After turn 40
4090299229
04*1522534
*041009249
1105*90104
3299233*54
34*4*1220*
040353533*
*015905*30
*1941509*9
559*39499*

After turn 41
51*13**33*
1502633645
015211*35*
22160*1215
43**344065
4505023310
1514646440
0126*16041
02*5261*0*
66*04*5**0

After turn 42
6202400440
2613744756
1263220460
3327102326
5400455176
5616134421
2625757551
1237027152
1306372010
7701506001

After turn 43
7313511551
3724855867
2374331571
4438213437
6511566287
6727245532
3736868662
2348138263
2417483121
8812617112

After turn 44
8424622662
4835966978
3485442682
5549324548
7622677398
7838356643
4847979773
3459249374
3528594232
9923728223

After turn 45
9535733773
5946*77*89
4596553793
665*435659
87337884*9
8949467754
5958*8*884
456*35*485
46396*5343
**34839334

After turn 46
*646844884
6*5708809*
56*76648*4
776054676*
984489950*
9*5*578865
6*69090995
5670460596
574*706454
004594*445

After turn 47
0757955995
70681991*0
6708775905
8871657870
*9559**610
*060689976
707*1*1**6
67815716*7
6850817565
1156*50556

After turn 48
1868*66**6
81792**201
7819886*16
9982768981
0*66*00721
017179**87
8180202007
7892682708
7961928676
2267061667

After turn 49
2979077007
928*300312
892*997027
**93879*92
1077011832
12828*0098
9291313118
89*3793819
8*72*39787
3378172778

After turn 50
3*8*188118
*390411423
9*30**8138
00*498*0*3
2188122943
23939011*9
*3*2424229
9*048*492*
908304*898
4489283889

After turn 51
4090299229
04*1522534
*041009249
1105*90104
3299233*54
34*4*1220*
040353533*
*015905*30
*1941509*9
559*39499*

After turn 52
51*13**33*
1502633645
015211*35*
22160*1215
43**344065
4505023310
1514646440
0126*16041
02*5261*0*
66*04*5**0

After turn 53
6202400440
2613744756
1263220460
3327102326
5400455176
5616134421
2625757551
1237027152
1306372010
7701506001

After turn 54
7313511551
3724855867
2374331571
4438213437
6511566287
6727245532
3736868662
2348138263
2417483121
8812617112

After turn 55
8424622662
4835966978
3485442682
5549324548
7622677398
7838356643
4847979773
3459249374
3528594232
9923728223

After turn 56
9535733773
5946*77*89
4596553793
665*435659
87337884*9
8949467754
5958*8*884
456*35*485
46396*5343
**34839334

After turn 57
*646844884
6*5708809*
56*76648*4
776054676*
984489950*
9*5*578865
6*69090995
5670460596
574*706454
004594*445

After turn 58
0757955995
70681991*0
6708775905
8871657870
*9559**610
*060689976
707*1*1**6
67815716*7
6850817565
1156*50556

After turn 59
1868*66**6
81792**201
7819886*16
9982768981
0*66*00721
017179**87
8180202007
7892682708
7961928676
2267061667

After turn 60
2979077007
928*300312
892*997027
**93879*92
1077011832
12828*0098
9291313118
89*3793819
8*72*39787
3378172778

After turn 61
3*8*188118
*390411423
9*30**8138
00*498*0*3
2188122943
23939011*9
*3*2424229
9*048*492*
908304*898
4489283889

After turn 62
4090299229
04*1522534
*041009249
1105*90104
3299233*54
34*4*1220*
040353533*
*015905*30
*1941509*9
559*39499*

After turn 63
51*13**33*
1502633645
015211*35*
22160*1215
43**344065
4505023310
1514646440
0126*16041
02*5261*0*
66*04*5**0

After turn 64
6202400440
2613744756
1263220460
3327102326
5400455176
5616134421
2625757551
1237027152
1306372010
7701506001

After turn 65
7313511551
3724855867
2374331571
4438213437
6511566287
6727245532
3736868662
2348138263
2417483121
8812617112

After turn 66
8424622662
4835966978
3485442682
5549324548
7622677398
7838356643
4847979773
3459249374
3528594232
9923728223

After turn 67
9535733773
5946*77*89
4596553793
665*435659
87337884*9
8949467754
5958*8*884
456*35*485
46396*5343
**34839334

After turn 68
*646844884
6*5708809*
56*76648*4
776054676*
984489950*
9*5*578865
6*69090995
5670460596
574*706454
004594*445

After turn 69
0757955995
70681991*0
6708775905
8871657870
*9559**610
*060689976
707*1*1**6
67815716*7
6850817565
1156*50556

After turn 70
1868*66**6
81792**201
7819886*16
9982768981
0*66*00721
017179**87
8180202007
7892682708
7961928676
2267061667

After turn 71
2979077007
928*300312
892*997027
**93879*92
1077011832
12828*0098
9291313118
89*3793819
8*72*39787
3378172778

After turn 72
3*8*188118
*390411423
9*30**8138
00*498*0*3
2188122943
23939011*9
*3*2424229
9*048*492*
908304*898
4489283889

After turn 73
4090299229
04*1522534
*041009249
1105*90104
3299233*54
34*4*1220*
040353533*
*015905*30
*1941509*9
559*39499*

After turn 74
51*13**33*
1502633645
015211*35*
22160*1215
43**344065
4505023310
1514646440
0126*16041
02*5261*0*
66*04*5**0

After turn 75
6202400440
2613744756
1263220460
3327102326
5400455176
5616134421
2625757551
1237027152
1306372010
7701506001

After turn 76
7313511551
3724855867
2374331571
4438213437
6511566287
6727245532
3736868662
2348138263
2417483121
8812617112

After turn 77
8424622662
4835966978
3485442682
5549324548
7622677398
7838356643
4847979773
3459249374
3528594232
9923728223

After turn 78
9535733773
5946*77*89
4596553793
665*435659
87337884*9
8949467754
5958*8*884
456*35*485
46396*5343
**34839334

After turn 79
*646844884
6*5708809*
56*76648*4
776054676*
984489950*
9*5*578865
6*69090995
5670460596
574*706454
004594*445

After turn 80
0757955995
70681991*0
6708775905
8871657870
*9559**610
*060689976
707*1*1**6
67815716*7
6850817565
1156*50556

After turn 81
1868*66**6
81792**201
7819886*16
9982768981
0*66*00721
017179**87
8180202007
7892682708
7961928676
2267061667

After turn 82
2979077007
928*300312
892*997027
**93879*92
1077011832
12828*0098
9291313118
89*3793819
8*72*39787
3378172778

After turn 83
3*8*188118
*390411423
9*30**8138
00*498*0*3
2188122943
23939011*9
*3*2424229
9*048*492*
908304*898
4489283889

After turn 84
4090299229
04*1522534
*041009249
1105*90104
3299233*54
34*4*1220*
040353533*
*015905*30
*1941509*9
559*39499*

After turn 85
51*13**33*
1502633645
015211*35*
22160*1215
43**344065
4505023310
1514646440
0126*16041
02*5261*0*
66*04*5**0

After turn 86
6202400440
2613744756
1263220460
3327102326
5400455176
5616134421
2625757551
1237027152
1306372010
7701506001

After turn 87
7313511551
3724855867
2374331571
4438213437
6511566287
6727245532
3736868662
2348138263
2417483121
8812617112

After turn 88
8424622662
4835966978
3485442682
5549324548
7622677398
7838356643
4847979773
3459249374
3528594232
9923728223

After turn 89
9535733773
5946*77*89
4596553793
665*435659
87337884*9
8949467754
5958*8*884
456*35*485
46396*5343
**34839334

After turn 90
*646844884
6*5708809*
56*76648*4
776054676*
984489950*
9*5*578865
6*69090995
5670460596
574*706454
004594*445

After turn 91
0757955995
70681991*0
6708775905
8871657870
*9559**610
*060689976
707*1*1**6
67815716*7
6850817565
1156*50556

After turn 92
1868*66**6
81792**201
7819886*16
9982768981
0*66*00721
017179**87
8180202007
7892682708
7961928676
2267061667

After turn 93
2979077007
928*300312
892*997027
**93879*92
1077011832
12828*0098
9291313118
89*3793819
8*72*39787
3378172778

After turn 94
3*8*188118
*390411423
9*30**8138
00*498*0*3
2188122943
23939011*9
*3*2424229
9*048*492*
908304*898
4489283889

After turn 95
4090299229
04*1522534
*041009249
1105*90104
3299233*54
34*4*1220*
040353533*
*015905*30
*1941509*9
559*39499*

After turn 96
51*13**33*
1502633645
015211*35*
22160*1215
43**344065
4505023310
1514646440
0126*16041
02*5261*0*
66*04*5**0

After turn 97
6202400440
2613744756
1263220460
3327102326
5400455176
5616134421
2625757551
1237027152
1306372010
7701506001

After turn 98
7313511551
3724855867
2374331571
4438213437
6511566287
6727245532
3736868662
2348138263
2417483121
8812617112

After turn 99
8424622662
4835966978
3485442682
5549324548
7622677398
7838356643
4847979773
3459249374
3528594232
9923728223


Day: Day11.
	Result 1: 900. Status: False. Type: Standard.
	Result 2: 0. Status: False. Type: Standard.
	Execution time: 6.
